Logfile initialized
[INFO] logfile = /Users/andrewroyce/Documents/Titanium_Studio_Workspace/TitanUp/build.log
[DEBUG] /Users/andrewroyce/Library/Application Support/Titanium/mobilesdk/osx/2.1.4.GA/android/builder.py install TitanUpDemo /Users/andrewroyce/Documents/Android SDK /Users/andrewroyce/Documents/Titanium_Studio_Workspace/TitanUp com.smorgasbork.TitanUpDemo 9
[INFO] Titanium SDK version: 2.1.4 (11/09/12 12:46 51f2c64)
[DEBUG] Waiting for device to be ready ...
[TRACE] adb devices returned 1 devices/emulators
[DEBUG] Device connected... (waited 0 seconds)
[DEBUG] waited 0.028238 seconds on emulator to get ready
[DEBUG] com.smorgasbork.TitanUpDemo installed? False
[INFO] Copying CommonJS modules...
[INFO] Copying project resources..
[TRACE] COPYING MODIFIED FILE: /Users/andrewroyce/Documents/Titanium_Studio_Workspace/TitanUp/Resources/TitanUp/UI/Views/DatePicker.js => /Users/andrewroyce/Documents/Titanium_Studio_Workspace/TitanUp/build/android/bin/assets/Resources/TitanUp/UI/Views/DatePicker.js
[TRACE] COPYING MODIFIED FILE: /Users/andrewroyce/Documents/Titanium_Studio_Workspace/TitanUp/Resources/ui/UIViewsDatePickerDemoWindow.js => /Users/andrewroyce/Documents/Titanium_Studio_Workspace/TitanUp/build/android/bin/assets/Resources/ui/UIViewsDatePickerDemoWindow.js
[TRACE] Generating Java Classes
[DEBUG] Processing Android resource drawables
[TRACE] COPYING FILE: /Users/andrewroyce/Documents/Titanium_Studio_Workspace/TitanUp/Resources/android/images/res-hdpi/grid.png => /Users/andrewroyce/Documents/Titanium_Studio_Workspace/TitanUp/build/android/res/drawable-hdpi/grid_7997186dab.png
[TRACE] COPYING FILE: /Users/andrewroyce/Documents/Titanium_Studio_Workspace/TitanUp/Resources/android/images/res-ldpi/grid.png => /Users/andrewroyce/Documents/Titanium_Studio_Workspace/TitanUp/build/android/res/drawable-ldpi/grid_7997186dab.png
[TRACE] COPYING FILE: /Users/andrewroyce/Documents/Titanium_Studio_Workspace/TitanUp/Resources/android/images/res-mdpi/grid.png => /Users/andrewroyce/Documents/Titanium_Studio_Workspace/TitanUp/build/android/res/drawable-mdpi/grid_7997186dab.png
[TRACE] COPYING FILE: /Users/andrewroyce/Documents/Titanium_Studio_Workspace/TitanUp/Resources/android/images/res-xhdpi/grid.png => /Users/andrewroyce/Documents/Titanium_Studio_Workspace/TitanUp/build/android/res/drawable-xhdpi/grid_7997186dab.png
[DEBUG] copying app icon: /Users/andrewroyce/Documents/Titanium_Studio_Workspace/TitanUp/build/android/bin/assets/Resources/appicon.png
[DEBUG] generating theme.xml
[DEBUG] found drawable-hdpi splash screen at /Users/andrewroyce/Documents/Titanium_Studio_Workspace/TitanUp/Resources/android/images/res-hdpi/default.png
[DEBUG] copying /Users/andrewroyce/Documents/Titanium_Studio_Workspace/TitanUp/Resources/android/images/res-hdpi/default.png splash screen to /Users/andrewroyce/Documents/Titanium_Studio_Workspace/TitanUp/build/android/res/drawable-hdpi/background.png
[DEBUG] found drawable-ldpi splash screen at /Users/andrewroyce/Documents/Titanium_Studio_Workspace/TitanUp/Resources/android/images/res-ldpi/default.png
[DEBUG] copying /Users/andrewroyce/Documents/Titanium_Studio_Workspace/TitanUp/Resources/android/images/res-ldpi/default.png splash screen to /Users/andrewroyce/Documents/Titanium_Studio_Workspace/TitanUp/build/android/res/drawable-ldpi/background.png
[DEBUG] found drawable-mdpi splash screen at /Users/andrewroyce/Documents/Titanium_Studio_Workspace/TitanUp/Resources/android/images/res-mdpi/default.png
[DEBUG] copying /Users/andrewroyce/Documents/Titanium_Studio_Workspace/TitanUp/Resources/android/images/res-mdpi/default.png splash screen to /Users/andrewroyce/Documents/Titanium_Studio_Workspace/TitanUp/build/android/res/drawable-mdpi/background.png
[DEBUG] found splash screen at /Users/andrewroyce/Documents/Titanium_Studio_Workspace/TitanUp/build/android/bin/assets/Resources/default.png
[TRACE] Writing out AndroidManifest.xml
[DEBUG] adding /Users/andrewroyce/Documents/Titanium_Studio_Workspace/TitanUp/build/android/gen/com/smorgasbork/TitanUpDemo/R.java to javac build list
[DEBUG] adding /Users/andrewroyce/Documents/Titanium_Studio_Workspace/TitanUp/build/android/gen/com/smorgasbork/TitanUpDemo/TitanupdemoActivity.java to javac build list
[DEBUG] adding /Users/andrewroyce/Documents/Titanium_Studio_Workspace/TitanUp/build/android/gen/com/smorgasbork/TitanUpDemo/TitanupdemoAppInfo.java to javac build list
[DEBUG] adding /Users/andrewroyce/Documents/Titanium_Studio_Workspace/TitanUp/build/android/gen/com/smorgasbork/TitanUpDemo/TitanupdemoApplication.java to javac build list
[DEBUG] Building Java Sources: "/Users/andrewroyce/Documents/Titanium_Studio_Workspace/TitanUp/build/android/gen/com/smorgasbork/TitanUpDemo/R.java" "/Users/andrewroyce/Documents/Titanium_Studio_Workspace/TitanUp/build/android/gen/com/smorgasbork/TitanUpDemo/TitanupdemoActivity.java" "/Users/andrewroyce/Documents/Titanium_Studio_Workspace/TitanUp/build/android/gen/com/smorgasbork/TitanUpDemo/TitanupdemoAppInfo.java" "/Users/andrewroyce/Documents/Titanium_Studio_Workspace/TitanUp/build/android/gen/com/smorgasbork/TitanUpDemo/TitanupdemoApplication.java"
[INFO] Compiling Android Resources... This could take some time
[DEBUG] Android classes.dex built
[DEBUG] creating unsigned apk: /Users/andrewroyce/Documents/Titanium_Studio_Workspace/TitanUp/build/android/bin/app-unsigned.apk
[DEBUG] from resource zip => assets/Resources/TitanUp/UI/Views/DatePicker.js
[DEBUG] from resource zip => assets/Resources/TitanUp/UI/Views/GalleryView.js
[DEBUG] from resource zip => assets/Resources/TitanUp/UI/Views/ManagedMapView.js
[DEBUG] from resource zip => assets/Resources/TitanUp/UI/Views/SelectBar.js
[DEBUG] from resource zip => assets/Resources/TitanUp/UI/Views/SimplePicker.js
[DEBUG] from resource zip => assets/Resources/TitanUp/UI/Views/Toast.js
[DEBUG] from resource zip => assets/Resources/TitanUp/UI/Sizer.js
[DEBUG] from resource zip => assets/Resources/TitanUp/UI/TGWM.js
[DEBUG] from resource zip => assets/Resources/TitanUp/UI/Theme.js
[DEBUG] from resource zip => assets/Resources/TitanUp/UI/UI.js
[DEBUG] from resource zip => assets/Resources/TitanUp/Device.js
[DEBUG] from resource zip => assets/Resources/TitanUp/LocationManager.js
[DEBUG] from resource zip => assets/Resources/TitanUp/README
[DEBUG] from resource zip => assets/Resources/TitanUp/TitanUp.js
[DEBUG] from resource zip => assets/Resources/images/KS_nav_ui.png
[DEBUG] from resource zip => assets/Resources/images/KS_nav_views.png
[DEBUG] from resource zip => assets/Resources/ui/CountingWindow.js
[DEBUG] from resource zip => assets/Resources/ui/DeviceDemoWindow.js
[DEBUG] from resource zip => assets/Resources/ui/GlobalsDemoWindow.js
[DEBUG] from resource zip => assets/Resources/ui/LocationDemoWindow.js
[DEBUG] from resource zip => assets/Resources/ui/MenuWindow.js
[DEBUG] from resource zip => assets/Resources/ui/UIDemoWindow.js
[DEBUG] from resource zip => assets/Resources/ui/UIEventThrottleDemoWindow.js
[DEBUG] from resource zip => assets/Resources/ui/UISizerDemoWindow.js
[DEBUG] from resource zip => assets/Resources/ui/UITGWMDemoWindow.js
[DEBUG] from resource zip => assets/Resources/ui/UIThemeDemoWindow.js
[DEBUG] from resource zip => assets/Resources/ui/UIViewsDatePickerDemoWindow.js
[DEBUG] from resource zip => assets/Resources/ui/UIViewsDemoWindow.js
[DEBUG] from resource zip => assets/Resources/ui/UIViewsGalleryViewDemoWindow.js
[DEBUG] from resource zip => assets/Resources/ui/UIViewsManagedMapViewDemoWindow.js
[DEBUG] from resource zip => assets/Resources/ui/UIViewsSelectBarDemoWindow.js
[DEBUG] from resource zip => assets/Resources/ui/UIViewsSimplePickerDemoWindow.js
[DEBUG] from resource zip => assets/Resources/ui/UIViewsToastDemoWindow.js
[DEBUG] from resource zip => assets/Resources/util/moment.js
[DEBUG] from resource zip => assets/Resources/KS_nav_ui.png
[DEBUG] from resource zip => assets/Resources/KS_nav_views.png
[DEBUG] from resource zip => assets/Resources/app.js
[DEBUG] from resource zip => assets/Resources/appicon.png
[DEBUG] from resource zip => assets/Resources/default.png
[DEBUG] from resource zip => assets/app.json
[DEBUG] from resource zip => assets/index.json
[DEBUG] from resource zip => assets/tiapp.xml
[DEBUG] from resource zip => res/drawable/appicon.png
[DEBUG] from resource zip => res/drawable/background.png
[DEBUG] from resource zip => res/layout/titanium_tabgroup.xml
[DEBUG] from resource zip => AndroidManifest.xml
[DEBUG] from resource zip => resources.arsc
[DEBUG] from resource zip => res/drawable-hdpi/background.png
[DEBUG] from resource zip => res/drawable-hdpi/grid_7997186dab.png
[DEBUG] from resource zip => res/drawable-ldpi/background.png
[DEBUG] from resource zip => res/drawable-ldpi/grid_7997186dab.png
[DEBUG] from resource zip => res/drawable-mdpi/background.png
[DEBUG] from resource zip => res/drawable-mdpi/grid_7997186dab.png
[DEBUG] from resource zip => res/drawable-xhdpi/grid_7997186dab.png
[DEBUG] from JAR /Users/andrewroyce/Library/Application Support/Titanium/mobilesdk/osx/2.1.4.GA/android/titanium.jar => org/appcelerator/titanium/build.properties
[DEBUG] from JAR /Users/andrewroyce/Library/Application Support/Titanium/mobilesdk/osx/2.1.4.GA/android/titanium.jar => org/appcelerator/titanium/res/drawable/background.png
[DEBUG] from JAR /Users/andrewroyce/Library/Application Support/Titanium/mobilesdk/osx/2.1.4.GA/android/titanium.jar => org/appcelerator/titanium/res/drawable/btn_check_buttonless_on.png
[DEBUG] from JAR /Users/andrewroyce/Library/Application Support/Titanium/mobilesdk/osx/2.1.4.GA/android/titanium.jar => org/appcelerator/titanium/res/drawable/btn_check_buttonless_on_18.png
[DEBUG] from JAR /Users/andrewroyce/Library/Application Support/Titanium/mobilesdk/osx/2.1.4.GA/android/titanium.jar => org/appcelerator/titanium/res/drawable/btn_check_buttonless_on_48.png
[DEBUG] from JAR /Users/andrewroyce/Library/Application Support/Titanium/mobilesdk/osx/2.1.4.GA/android/titanium.jar => org/appcelerator/titanium/res/drawable/btn_more.png
[DEBUG] from JAR /Users/andrewroyce/Library/Application Support/Titanium/mobilesdk/osx/2.1.4.GA/android/titanium.jar => org/appcelerator/titanium/res/drawable/btn_more_18.png
[DEBUG] from JAR /Users/andrewroyce/Library/Application Support/Titanium/mobilesdk/osx/2.1.4.GA/android/titanium.jar => org/appcelerator/titanium/res/drawable/btn_more_48.png
[DEBUG] from JAR /Users/andrewroyce/Library/Application Support/Titanium/mobilesdk/osx/2.1.4.GA/android/titanium.jar => org/appcelerator/titanium/res/drawable/btn_picker_normal.9.png
[DEBUG] from JAR /Users/andrewroyce/Library/Application Support/Titanium/mobilesdk/osx/2.1.4.GA/android/titanium.jar => org/appcelerator/titanium/res/drawable/btn_picker_pressed.9.png
[DEBUG] from JAR /Users/andrewroyce/Library/Application Support/Titanium/mobilesdk/osx/2.1.4.GA/android/titanium.jar => org/appcelerator/titanium/res/drawable/btn_picker_selected.9.png
[DEBUG] from JAR /Users/andrewroyce/Library/Application Support/Titanium/mobilesdk/osx/2.1.4.GA/android/titanium.jar => org/appcelerator/titanium/res/drawable/default_icon.png
[DEBUG] from JAR /Users/andrewroyce/Library/Application Support/Titanium/mobilesdk/osx/2.1.4.GA/android/titanium.jar => org/appcelerator/titanium/res/drawable/photoDefault.png
[DEBUG] from JAR /Users/andrewroyce/Library/Application Support/Titanium/mobilesdk/osx/2.1.4.GA/android/modules/titanium-ui.jar => ti/modules/titanium/ui/widget/webview/binding.js
[DEBUG] from JAR /Users/andrewroyce/Library/Application Support/Titanium/mobilesdk/osx/2.1.4.GA/android/modules/titanium-ui.jar => ti/modules/titanium/ui/widget/webview/binding.min.js
[DEBUG] from JAR /Users/andrewroyce/Library/Application Support/Titanium/mobilesdk/osx/2.1.4.GA/android/modules/titanium-ui.jar => ti/modules/titanium/ui/widget/webview/json2.js
[DEBUG] from JAR /Users/andrewroyce/Library/Application Support/Titanium/mobilesdk/osx/2.1.4.GA/android/modules/titanium-ui.jar => ti/modules/titanium/ui/widget/webview/polling.js
[DEBUG] from JAR /Users/andrewroyce/Library/Application Support/Titanium/mobilesdk/osx/2.1.4.GA/android/modules/titanium-ui.jar => ti/modules/titanium/ui/widget/webview/polling.min.js
[DEBUG] installing native SDK libs
[DEBUG] Waiting for device to be ready ...
[TRACE] adb devices returned 1 devices/emulators
[DEBUG] Device connected... (waited 0 seconds)
[DEBUG] waited 0.052583 seconds on emulator to get ready
[INFO] Installing application on device
[INFO] Application installed. Launch from drawer on Home Screen
